#
# A fatal error has been detected by the Java Runtime Environment:
#
#  EXCEPTION_ACCESS_VIOLATION (0xc0000005) at pc=0x00007ff98bda97be, pid=23180, tid=21900
#
# JRE version: OpenJDK Runtime Environment (21.0.1+12) (build 21.0.1+12-29)
# Java VM: OpenJDK 64-Bit Server VM (21.0.1+12-29, mixed mode, sharing, tiered, compressed oops, compressed class ptrs, g1 gc, windows-amd64)
# Problematic frame:
# C  [ntdll.dll+0x497be]
#
# No core dump will be written. Minidumps are not enabled by default on client versions of Windows
#
# If you would like to submit a bug report, please visit:
#   https://bugreport.java.com/bugreport/crash.jsp
# The crash happened outside the Java Virtual Machine in native code.
# See problematic frame for where to report the bug.
#

---------------  S U M M A R Y ------------

Command Line: -Dorg.lwjgl.util.Debug=true -Djava.library.path=natives/ -javaagent:C:\Program Files\JetBrains\IntelliJ IDEA 2024.2.3\lib\idea_rt.jar=56598:C:\Program Files\JetBrains\IntelliJ IDEA 2024.2.3\bin -Dfile.encoding=UTF-8 -Dsun.stdout.encoding=UTF-8 -Dsun.stderr.encoding=UTF-8 com.mygdx.chess.DesktopLauncher

Host: 12th Gen Intel(R) Core(TM) i5-12450H, 12 cores, 15G,  Windows 11 , 64 bit Build 26100 (10.0.26100.3037)
Time: Wed Feb 19 02:16:19 2025 W. Europe Standard Time elapsed time: 5.073373 seconds (0d 0h 0m 5s)

---------------  T H R E A D  ---------------

Current thread (0x000001d9566bb010):  JavaThread "main"             [_thread_in_native, id=21900, stack(0x000000a6b1e00000,0x000000a6b1f00000) (1024K)]

Stack: [0x000000a6b1e00000,0x000000a6b1f00000],  sp=0x000000a6b1efea40,  free space=1018k
Native frames: (J=compiled Java code, j=interpreted, Vv=VM code, C=native code)
C  [ntdll.dll+0x497be]
C  [ntdll.dll+0x1c20e]
C  [ntdll.dll+0x1be86]
C  [msvcrt.dll+0x1d6c0]
C  [gdx64.dll+0xe345]

Java frames: (J=compiled Java code, j=interpreted, Vv=VM code)
j  com.badlogic.gdx.graphics.g2d.Gdx2DPixmap.load([J[BII)Ljava/nio/ByteBuffer;+0
j  com.badlogic.gdx.graphics.g2d.Gdx2DPixmap.<init>([BIII)V+19
j  com.badlogic.gdx.graphics.Pixmap.<init>(Lcom/badlogic/gdx/files/FileHandle;)V+38
j  com.badlogic.gdx.graphics.TextureData$Factory.loadFromFile(Lcom/badlogic/gdx/files/FileHandle;Lcom/badlogic/gdx/graphics/Pixmap$Format;Z)Lcom/badlogic/gdx/graphics/TextureData;+99
j  com.badlogic.gdx.graphics.Texture.<init>(Lcom/badlogic/gdx/files/FileHandle;Lcom/badlogic/gdx/graphics/Pixmap$Format;Z)V+4
j  com.badlogic.gdx.graphics.Texture.<init>(Lcom/badlogic/gdx/files/FileHandle;)V+4
j  com.mygdx.chess.MainGame.addPiece(Ljava/lang/String;II)V+22
j  com.mygdx.chess.ChessController.addPieceToBoard(Ljava/lang/String;II)V+7
j  com.mygdx.chess.DesktopLauncher.main([Ljava/lang/String;)V+65
v  ~StubRoutines::call_stub 0x000001d967aa100d

siginfo: EXCEPTION_ACCESS_VIOLATION (0xc0000005), reading address 0x00000000feffffff


Registers:
RAX=0x000000000000001c, RBX=0x000001d956a40000, RCX=0x0000000000001cea, RDX=0x00000000000000f6
RSP=0x000000a6b1efea40, RBP=0x0000000000000001, RSI=0x000001d956a42890, RDI=0x00000000f6001cea
R8 =0x00000000feffffff, R9 =0x0000000000000001, R10=0x0000000000000000, R11=0x000000a6b1efed38
R12=0x000001d97f806130, R13=0x42c8000043480000, R14=0x000001d97f806120, R15=0x0000000000000489
RIP=0x00007ff98bda97be, EFLAGS=0x0000000000010202


Register to memory mapping:

RAX=0x000000000000001c is an unknown value
RBX=0x000001d956a40000 points into unknown readable memory: 0x0000000000000000 | 00 00 00 00 00 00 00 00
RCX=0x0000000000001cea is an unknown value
RDX=0x00000000000000f6 is an unknown value
RSP=0x000000a6b1efea40 is pointing into the stack for thread: 0x000001d9566bb010
RBP=0x0000000000000001 is an unknown value
RSI=0x000001d956a42890 points into unknown readable memory: 0x0000000000000000 | 00 00 00 00 00 00 00 00
RDI=0x00000000f6001cea is an unknown value
R8 =0x00000000feffffff is an unknown value
R9 =0x0000000000000001 is an unknown value
R10=0x0 is null
R11=0x000000a6b1efed38 is pointing into the stack for thread: 0x000001d9566bb010
R12=0x000001d97f806130 points into unknown readable memory: 0x42c8000043480000 | 00 00 48 43 00 00 c8 42
R13=0x42c8000043480000 is an unknown value
R14=0x000001d97f806120 points into unknown readable memory: 0x0000000000000000 | 00 00 00 00 00 00 00 00
R15=0x0000000000000489 is an unknown value

Top of Stack: (sp=0x000000a6b1efea40)
0x000000a6b1efea40:   000001d956a40000 0000000000000000
0x000000a6b1efea50:   0000000000000000 0000000000000000
0x000000a6b1efea60:   0000000000000000 0000000000000000
0x000000a6b1efea70:   0000000000000001 000001d97f806120
0x000000a6b1efea80:   0000000000000000 0000000000000000
0x000000a6b1efea90:   0000000000000000 0000000000000001
0x000000a6b1efeaa0:   00000000000003ff 0000000000000001
0x000000a6b1efeab0:   0000000000000000 0000000000000000
0x000000a6b1efeac0:   0000000000000000 000001d956680000
0x000000a6b1efead0:   00000000feffffff 0000000000000080
0x000000a6b1efeae0:   0000000000000000 0000000000000080
0x000000a6b1efeaf0:   0000000000000003 000001d956a40150
0x000000a6b1efeb00:   0000000000000000 000000a6b1efec18
0x000000a6b1efeb10:   0000000000000000 0000000000000000
0x000000a6b1efeb20:   0000000000000000 0000000000000000
0x000000a6b1efeb30:   0000000000000000 0000000000000000
0x000000a6b1efeb40:   0000000000000000 0000000000000080
0x000000a6b1efeb50:   0000000000000003 0000000080100080
0x000000a6b1efeb60:   0000000000000000 0000000000000000
0x000000a6b1efeb70:   0000000000000000 00007ff9894bce25
0x000000a6b1efeb80:   0000000000000000 00000000f6001cea
0x000000a6b1efeb90:   0000000000000000 0000000002000002
0x000000a6b1efeba0:   0000000000000000 00000000f6001cea
0x000000a6b1efebb0:   00007ff900000003 00007ff900000001
0x000000a6b1efebc0:   00bb5d6b00000060 0000000000000000
0x000000a6b1efebd0:   0000000000000000 0000000001da8bb7
0x000000a6b1efebe0:   0000000100000060 000000001d3fb0c1
0x000000a6b1efebf0:   0000000300000000 0000000000000000
0x000000a6b1efec00:   000000000000059c 0000000000000000
0x000000a6b1efec10:   0000000000000001 0000000000dc00da
0x000000a6b1efec20:   000001d97d14b270 000001d97d14b270
0x000000a6b1efec30:   0000000000000000 0000000000000030 

Instructions: (pc=0x00007ff98bda97be)
0x00007ff98bda96be:   8b fd c1 ef 05 89 7c 24 78 44 8b 46 08 44 2b 46
0x00007ff98bda96ce:   18 41 c1 e8 05 41 ff c8 48 8b 46 28 4c 8d 0c b8
0x00007ff98bda96de:   4c 89 8c 24 d8 00 00 00 41 83 e5 1f ba ff ff ff
0x00007ff98bda96ee:   ff 41 0f b6 cd d3 e2 41 23 11 85 d2 0f 84 ae 08
0x00007ff98bda96fe:   00 00 8b ca 66 85 d2 0f 85 1d 08 00 00 f7 c2 00
0x00007ff98bda970e:   00 ff 00 0f 85 84 0a 00 00 48 c1 e9 18 48 8d 05
0x00007ff98bda971e:   9e 46 13 00 0f b6 0c 01 83 c1 18 c1 e7 05 03 f9
0x00007ff98bda972e:   89 7c 24 78 44 39 56 0c 0f 85 e5 07 00 00 48 8b
0x00007ff98bda973e:   46 30 4c 8b 24 f8 4d 85 e4 0f 84 d5 00 00 00 4c
0x00007ff98bda974e:   39 a4 24 b8 00 00 00 0f 84 15 10 00 00 4d 8d 74
0x00007ff98bda975e:   24 f0 4c 89 74 24 38 83 7b 7c 00 74 2e 8b 93 88
0x00007ff98bda976e:   00 00 00 41 33 56 08 41 89 56 08 8b ca c1 e9 10
0x00007ff98bda977e:   8b c2 c1 e8 08 32 c8 32 ca c1 ea 18 3a d1 74 0b
0x00007ff98bda978e:   49 8b d6 48 8b cb e8 67 73 fd ff 41 0f b7 4e 08
0x00007ff98bda979e:   0f b7 c1 66 c1 e8 08 49 3b cf 0f 82 a8 0f 00 00
0x00007ff98bda97ae:   4d 8b 2c 24 4d 8b 46 18 4c 89 84 24 90 00 00 00
0x00007ff98bda97be:   49 8b 00 4d 8b 4d 08 49 3b c4 0f 85 03 08 00 00
0x00007ff98bda97ce:   49 3b c1 0f 85 fa 07 00 00 48 8b 83 c0 00 00 00
0x00007ff98bda97de:   48 2b c1 48 89 83 c0 00 00 00 48 8b bb 38 01 00
0x00007ff98bda97ee:   00 48 85 ff 0f 84 90 01 00 00 48 c7 84 24 a8 00
0x00007ff98bda97fe:   00 00 00 00 00 00 41 0f b7 56 08 8b 4f 08 48 3b
0x00007ff98bda980e:   d1 72 26 48 8b 07 48 85 c0 0f 84 94 08 00 00 48
0x00007ff98bda981e:   8b f8 eb e7 48 8b 36 8b 4e 18 48 89 4c 24 38 48
0x00007ff98bda982e:   89 4c 24 60 e9 5c fd ff ff 48 89 94 24 a8 00 00
0x00007ff98bda983e:   00 44 8d 49 ff 41 0f b7 46 08 48 89 84 24 18 01
0x00007ff98bda984e:   00 00 8b f2 2b 77 18 44 8d 14 36 83 7f 0c 00 44
0x00007ff98bda985e:   0f 44 d6 4c 89 94 24 88 00 00 00 48 8b 47 30 4a
0x00007ff98bda986e:   8d 04 d0 48 89 84 24 a8 00 00 00 4c 8b 18 8b 47
0x00007ff98bda987e:   10 ff c8 89 47 10 41 3b d1 75 08 8b 47 14 ff c8
0x00007ff98bda988e:   89 47 14 4d 3b dc 0f 85 ee 00 00 00 89 8c 24 c0
0x00007ff98bda989e:   00 00 00 48 83 3f 00 41 0f 44 c9 89 8c 24 c0 00
0x00007ff98bda98ae:   00 00 4d 8b 24 24 48 8b 47 20 3b d1 0f 83 59 0a 


Stack slot to memory mapping:

stack at sp + 0 slots: 0x000001d956a40000 points into unknown readable memory: 0x0000000000000000 | 00 00 00 00 00 00 00 00
stack at sp + 1 slots: 0x0 is null
stack at sp + 2 slots: 0x0 is null
stack at sp + 3 slots: 0x0 is null
stack at sp + 4 slots: 0x0 is null
stack at sp + 5 slots: 0x0 is null
stack at sp + 6 slots: 0x0000000000000001 is an unknown value
stack at sp + 7 slots: 0x000001d97f806120 points into unknown readable memory: 0x0000000000000000 | 00 00 00 00 00 00 00 00


---------------  P R O C E S S  ---------------

Threads class SMR info:
_java_thread_list=0x000001d97ca926f0, length=16, elements={
0x000001d9566bb010, 0x000001d97761a6a0, 0x000001d97761c020, 0x000001d977621a20,
0x000001d977624600, 0x000001d977622ff0, 0x000001d977623c00, 0x000001d97762a8a0,
0x000001d97762e540, 0x000001d9775e36b0, 0x000001d97c426dc0, 0x000001d97c4b9270,
0x000001d97c8e1570, 0x000001d97d057030, 0x000001d97d07d730, 0x000001d97ca6c760
}

Java Threads: ( => current thread )
=>0x000001d9566bb010 JavaThread "main"                              [_thread_in_native, id=21900, stack(0x000000a6b1e00000,0x000000a6b1f00000) (1024K)]
  0x000001d97761a6a0 JavaThread "Reference Handler"          daemon [_thread_blocked, id=1424, stack(0x000000a6b2600000,0x000000a6b2700000) (1024K)]
  0x000001d97761c020 JavaThread "Finalizer"                  daemon [_thread_blocked, id=25416, stack(0x000000a6b2700000,0x000000a6b2800000) (1024K)]
  0x000001d977621a20 JavaThread "Signal Dispatcher"          daemon [_thread_blocked, id=25200, stack(0x000000a6b2800000,0x000000a6b2900000) (1024K)]
  0x000001d977624600 JavaThread "Attach Listener"            daemon [_thread_blocked, id=22116, stack(0x000000a6b2900000,0x000000a6b2a00000) (1024K)]
  0x000001d977622ff0 JavaThread "Service Thread"             daemon [_thread_blocked, id=23088, stack(0x000000a6b2a00000,0x000000a6b2b00000) (1024K)]
  0x000001d977623c00 JavaThread "Monitor Deflation Thread"   daemon [_thread_blocked, id=16096, stack(0x000000a6b2b00000,0x000000a6b2c00000) (1024K)]
  0x000001d97762a8a0 JavaThread "C2 CompilerThread0"         daemon [_thread_blocked, id=15884, stack(0x000000a6b2c00000,0x000000a6b2d00000) (1024K)]
  0x000001d97762e540 JavaThread "C1 CompilerThread0"         daemon [_thread_blocked, id=8120, stack(0x000000a6b2d00000,0x000000a6b2e00000) (1024K)]
  0x000001d9775e36b0 JavaThread "Common-Cleaner"             daemon [_thread_blocked, id=23776, stack(0x000000a6b2e00000,0x000000a6b2f00000) (1024K)]
  0x000001d97c426dc0 JavaThread "Monitor Ctrl-Break"         daemon [_thread_in_native, id=17428, stack(0x000000a6b3000000,0x000000a6b3100000) (1024K)]
  0x000001d97c4b9270 JavaThread "Notification Thread"        daemon [_thread_blocked, id=4916, stack(0x000000a6b3100000,0x000000a6b3200000) (1024K)]
  0x000001d97c8e1570 JavaThread "RMI TCP Accept-0"           daemon [_thread_in_native, id=24616, stack(0x000000a6b3600000,0x000000a6b3700000) (1024K)]
  0x000001d97d057030 JavaThread "RMI TCP Connection(1)-192.168.178.59" daemon [_thread_in_native, id=13272, stack(0x000000a6b3700000,0x000000a6b3800000) (1024K)]
  0x000001d97d07d730 JavaThread "RMI Scheduler(0)"           daemon [_thread_blocked, id=13556, stack(0x000000a6b3900000,0x000000a6b3a00000) (1024K)]
  0x000001d97ca6c760 JavaThread "JMX server connection timeout 26" daemon [_thread_blocked, id=3792, stack(0x000000a6b3a00000,0x000000a6b3b00000) (1024K)]
Total: 16

Other Threads:
  0x000001d9775fce20 VMThread "VM Thread"                           [id=6336, stack(0x000000a6b2500000,0x000000a6b2600000) (1024K)]
  0x000001d9775e27c0 WatcherThread "VM Periodic Task Thread"        [id=21444, stack(0x000000a6b2400000,0x000000a6b2500000) (1024K)]
  0x000001d956976d00 WorkerThread "GC Thread#0"                     [id=7080, stack(0x000000a6b1f00000,0x000000a6b2000000) (1024K)]
  0x000001d97de3cf90 WorkerThread "GC Thread#1"                     [id=21176, stack(0x000000a6b4100000,0x000000a6b4200000) (1024K)]
  0x000001d97de3d330 WorkerThread "GC Thread#2"                     [id=14080, stack(0x000000a6b4200000,0x000000a6b4300000) (1024K)]
  0x000001d941367eb0 WorkerThread "GC Thread#3"                     [id=25272, stack(0x000000a6b4300000,0x000000a6b4400000) (1024K)]
  0x000001d94136c260 WorkerThread "GC Thread#4"                     [id=22768, stack(0x000000a6b4400000,0x000000a6b4500000) (1024K)]
  0x000001d94136c600 WorkerThread "GC Thread#5"                     [id=7232, stack(0x000000a6b4500000,0x000000a6b4600000) (1024K)]
  0x000001d97d1493c0 WorkerThread "GC Thread#6"                     [id=15144, stack(0x000000a6b4600000,0x000000a6b4700000) (1024K)]
  0x000001d97d149760 WorkerThread "GC Thread#7"                     [id=19572, stack(0x000000a6b4700000,0x000000a6b4800000) (1024K)]
  0x000001d97d1488e0 WorkerThread "GC Thread#8"                     [id=2188, stack(0x000000a6b4800000,0x000000a6b4900000) (1024K)]
  0x000001d97d148c80 WorkerThread "GC Thread#9"                     [id=9412, stack(0x000000a6b4900000,0x000000a6b4a00000) (1024K)]
  0x000001d9569c6010 ConcurrentGCThread "G1 Main Marker"            [id=25220, stack(0x000000a6b2000000,0x000000a6b2100000) (1024K)]
  0x000001d9569c6b10 WorkerThread "G1 Conc#0"                       [id=14060, stack(0x000000a6b2100000,0x000000a6b2200000) (1024K)]
  0x000001d9774b57c0 ConcurrentGCThread "G1 Refine#0"               [id=14076, stack(0x000000a6b2200000,0x000000a6b2300000) (1024K)]
  0x000001d9774b6330 ConcurrentGCThread "G1 Service"                [id=5968, stack(0x000000a6b2300000,0x000000a6b2400000) (1024K)]
Total: 16

Threads with active compile tasks:
Total: 0

VM state: not at safepoint (normal execution)

VM Mutex/Monitor currently owned by a thread: None

Heap address: 0x0000000705200000, size: 4014 MB, Compressed Oops mode: Zero based, Oop shift amount: 3

CDS archive(s) mapped at: [0x000001d900000000-0x000001d900c90000-0x000001d900c90000), size 13172736, SharedBaseAddress: 0x000001d900000000, ArchiveRelocationMode: 1.
Compressed class space mapped at: 0x000001d901000000-0x000001d941000000, reserved size: 1073741824
Narrow klass base: 0x000001d900000000, Narrow klass shift: 0, Narrow klass range: 0x100000000

GC Precious Log:
 CardTable entry size: 512
 Card Set container configuration: InlinePtr #cards 4 size 8 Array Of Cards #cards 16 size 48 Howl #buckets 8 coarsen threshold 3686 Howl Bitmap #cards 512 size 80 coarsen threshold 460 Card regions per heap region 1 cards per card region 4096
 CPUs: 12 total, 12 available
 Memory: 16052M
 Large Page Support: Disabled
 NUMA Support: Disabled
 Compressed Oops: Enabled (Zero based)
 Heap Region Size: 2M
 Heap Min Capacity: 8M
 Heap Initial Capacity: 252M
 Heap Max Capacity: 4014M
 Pre-touch: Disabled
 Parallel Workers: 10
 Concurrent Workers: 3
 Concurrent Refinement Workers: 10
 Periodic GC: Disabled

Heap:
 garbage-first heap   total 258048K, used 6250K [0x0000000705200000, 0x0000000800000000)
  region size 2048K, 4 young (8192K), 2 survivors (4096K)
 Metaspace       used 10894K, committed 11136K, reserved 1114112K
  class space    used 989K, committed 1088K, reserved 1048576K

Heap Regions: E=young(eden), S=young(survivor), O=old, HS=humongous(starts), HC=humongous(continues), CS=collection set, F=free, TAMS=top-at-mark-start, PB=parsable bottom
|   0|0x0000000705200000, 0x000000070521aa80, 0x0000000705400000|  5%| O|  |TAMS 0x0000000705200000| PB 0x0000000705200000| Untracked 
|   1|0x0000000705400000, 0x0000000705400000, 0x0000000705600000|  0%| F|  |TAMS 0x0000000705400000| PB 0x0000000705400000| Untracked 
|   2|0x0000000705600000, 0x0000000705600000, 0x0000000705800000|  0%| F|  |TAMS 0x0000000705600000| PB 0x0000000705600000| Untracked 
|   3|0x0000000705800000, 0x0000000705800000, 0x0000000705a00000|  0%| F|  |TAMS 0x0000000705800000| PB 0x0000000705800000| Untracked 
|   4|0x0000000705a00000, 0x0000000705a00000, 0x0000000705c00000|  0%| F|  |TAMS 0x0000000705a00000| PB 0x0000000705a00000| Untracked 
|   5|0x0000000705c00000, 0x0000000705c00000, 0x0000000705e00000|  0%| F|  |TAMS 0x0000000705c00000| PB 0x0000000705c00000| Untracked 
|   6|0x0000000705e00000, 0x0000000705e00000, 0x0000000706000000|  0%| F|  |TAMS 0x0000000705e00000| PB 0x0000000705e00000| Untracked 
|   7|0x0000000706000000, 0x0000000706000000, 0x0000000706200000|  0%| F|  |TAMS 0x0000000706000000| PB 0x0000000706000000| Untracked 
|   8|0x0000000706200000, 0x0000000706200000, 0x0000000706400000|  0%| F|  |TAMS 0x0000000706200000| PB 0x0000000706200000| Untracked 
|   9|0x0000000706400000, 0x0000000706400000, 0x0000000706600000|  0%| F|  |TAMS 0x0000000706400000| PB 0x0000000706400000| Untracked 
|  10|0x0000000706600000, 0x0000000706600000, 0x0000000706800000|  0%| F|  |TAMS 0x0000000706600000| PB 0x0000000706600000| Untracked 
|  11|0x0000000706800000, 0x0000000706800000, 0x0000000706a00000|  0%| F|  |TAMS 0x0000000706800000| PB 0x0000000706800000| Untracked 
|  12|0x0000000706a00000, 0x0000000706a00000, 0x0000000706c00000|  0%| F|  |TAMS 0x0000000706a00000| PB 0x0000000706a00000| Untracked 
|  13|0x0000000706c00000, 0x0000000706c00000, 0x0000000706e00000|  0%| F|  |TAMS 0x0000000706c00000| PB 0x0000000706c00000| Untracked 
|  14|0x0000000706e00000, 0x0000000706e00000, 0x0000000707000000|  0%| F|  |TAMS 0x0000000706e00000| PB 0x0000000706e00000| Untracked 
|  15|0x0000000707000000, 0x0000000707000000, 0x0000000707200000|  0%| F|  |TAMS 0x0000000707000000| PB 0x0000000707000000| Untracked 
|  16|0x0000000707200000, 0x0000000707200000, 0x0000000707400000|  0%| F|  |TAMS 0x0000000707200000| PB 0x0000000707200000| Untracked 
|  17|0x0000000707400000, 0x0000000707400000, 0x0000000707600000|  0%| F|  |TAMS 0x0000000707400000| PB 0x0000000707400000| Untracked 
|  18|0x0000000707600000, 0x0000000707600000, 0x0000000707800000|  0%| F|  |TAMS 0x0000000707600000| PB 0x0000000707600000| Untracked 
|  19|0x0000000707800000, 0x0000000707800000, 0x0000000707a00000|  0%| F|  |TAMS 0x0000000707800000| PB 0x0000000707800000| Untracked 
|  20|0x0000000707a00000, 0x0000000707a00000, 0x0000000707c00000|  0%| F|  |TAMS 0x0000000707a00000| PB 0x0000000707a00000| Untracked 
|  21|0x0000000707c00000, 0x0000000707c00000, 0x0000000707e00000|  0%| F|  |TAMS 0x0000000707c00000| PB 0x0000000707c00000| Untracked 
|  22|0x0000000707e00000, 0x0000000707e00000, 0x0000000708000000|  0%| F|  |TAMS 0x0000000707e00000| PB 0x0000000707e00000| Untracked 
|  23|0x0000000708000000, 0x0000000708000000, 0x0000000708200000|  0%| F|  |TAMS 0x0000000708000000| PB 0x0000000708000000| Untracked 
|  24|0x0000000708200000, 0x0000000708200000, 0x0000000708400000|  0%| F|  |TAMS 0x0000000708200000| PB 0x0000000708200000| Untracked 
|  25|0x0000000708400000, 0x0000000708400000, 0x0000000708600000|  0%| F|  |TAMS 0x0000000708400000| PB 0x0000000708400000| Untracked 
|  26|0x0000000708600000, 0x0000000708600000, 0x0000000708800000|  0%| F|  |TAMS 0x0000000708600000| PB 0x0000000708600000| Untracked 
|  27|0x0000000708800000, 0x0000000708800000, 0x0000000708a00000|  0%| F|  |TAMS 0x0000000708800000| PB 0x0000000708800000| Untracked 
|  28|0x0000000708a00000, 0x0000000708a00000, 0x0000000708c00000|  0%| F|  |TAMS 0x0000000708a00000| PB 0x0000000708a00000| Untracked 
|  29|0x0000000708c00000, 0x0000000708c00000, 0x0000000708e00000|  0%| F|  |TAMS 0x0000000708c00000| PB 0x0000000708c00000| Untracked 
|  30|0x0000000708e00000, 0x0000000708e00000, 0x0000000709000000|  0%| F|  |TAMS 0x0000000708e00000| PB 0x0000000708e00000| Untracked 
|  31|0x0000000709000000, 0x0000000709000000, 0x0000000709200000|  0%| F|  |TAMS 0x0000000709000000| PB 0x0000000709000000| Untracked 
|  32|0x0000000709200000, 0x0000000709200000, 0x0000000709400000|  0%| F|  |TAMS 0x0000000709200000| PB 0x0000000709200000| Untracked 
|  33|0x0000000709400000, 0x0000000709400000, 0x0000000709600000|  0%| F|  |TAMS 0x0000000709400000| PB 0x0000000709400000| Untracked 
|  34|0x0000000709600000, 0x0000000709600000, 0x0000000709800000|  0%| F|  |TAMS 0x0000000709600000| PB 0x0000000709600000| Untracked 
|  35|0x0000000709800000, 0x0000000709800000, 0x0000000709a00000|  0%| F|  |TAMS 0x0000000709800000| PB 0x0000000709800000| Untracked 
|  36|0x0000000709a00000, 0x0000000709a00000, 0x0000000709c00000|  0%| F|  |TAMS 0x0000000709a00000| PB 0x0000000709a00000| Untracked 
|  37|0x0000000709c00000, 0x0000000709c00000, 0x0000000709e00000|  0%| F|  |TAMS 0x0000000709c00000| PB 0x0000000709c00000| Untracked 
|  38|0x0000000709e00000, 0x0000000709e00000, 0x000000070a000000|  0%| F|  |TAMS 0x0000000709e00000| PB 0x0000000709e00000| Untracked 
|  39|0x000000070a000000, 0x000000070a000000, 0x000000070a200000|  0%| F|  |TAMS 0x000000070a000000| PB 0x000000070a000000| Untracked 
|  40|0x000000070a200000, 0x000000070a200000, 0x000000070a400000|  0%| F|  |TAMS 0x000000070a200000| PB 0x000000070a200000| Untracked 
|  41|0x000000070a400000, 0x000000070a400000, 0x000000070a600000|  0%| F|  |TAMS 0x000000070a400000| PB 0x000000070a400000| Untracked 
|  42|0x000000070a600000, 0x000000070a600000, 0x000000070a800000|  0%| F|  |TAMS 0x000000070a600000| PB 0x000000070a600000| Untracked 
|  43|0x000000070a800000, 0x000000070a800000, 0x000000070aa00000|  0%| F|  |TAMS 0x000000070a800000| PB 0x000000070a800000| Untracked 
|  44|0x000000070aa00000, 0x000000070aa00000, 0x000000070ac00000|  0%| F|  |TAMS 0x000000070aa00000| PB 0x000000070aa00000| Untracked 
|  45|0x000000070ac00000, 0x000000070ac00000, 0x000000070ae00000|  0%| F|  |TAMS 0x000000070ac00000| PB 0x000000070ac00000| Untracked 
|  46|0x000000070ae00000, 0x000000070ae00000, 0x000000070b000000|  0%| F|  |TAMS 0x000000070ae00000| PB 0x000000070ae00000| Untracked 
|  47|0x000000070b000000, 0x000000070b000000, 0x000000070b200000|  0%| F|  |TAMS 0x000000070b000000| PB 0x000000070b000000| Untracked 
|  48|0x000000070b200000, 0x000000070b200000, 0x000000070b400000|  0%| F|  |TAMS 0x000000070b200000| PB 0x000000070b200000| Untracked 
|  49|0x000000070b400000, 0x000000070b400000, 0x000000070b600000|  0%| F|  |TAMS 0x000000070b400000| PB 0x000000070b400000| Untracked 
|  50|0x000000070b600000, 0x000000070b600000, 0x000000070b800000|  0%| F|  |TAMS 0x000000070b600000| PB 0x000000070b600000| Untracked 
|  51|0x000000070b800000, 0x000000070b800000, 0x000000070ba00000|  0%| F|  |TAMS 0x000000070b800000| PB 0x000000070b800000| Untracked 
|  52|0x000000070ba00000, 0x000000070ba00000, 0x000000070bc00000|  0%| F|  |TAMS 0x000000070ba00000| PB 0x000000070ba00000| Untracked 
|  53|0x000000070bc00000, 0x000000070bc00000, 0x000000070be00000|  0%| F|  |TAMS 0x000000070bc00000| PB 0x000000070bc00000| Untracked 
|  54|0x000000070be00000, 0x000000070be00000, 0x000000070c000000|  0%| F|  |TAMS 0x000000070be00000| PB 0x000000070be00000| Untracked 
|  55|0x000000070c000000, 0x000000070c000000, 0x000000070c200000|  0%| F|  |TAMS 0x000000070c000000| PB 0x000000070c000000| Untracked 
|  56|0x000000070c200000, 0x000000070c200000, 0x000000070c400000|  0%| F|  |TAMS 0x000000070c200000| PB 0x000000070c200000| Untracked 
|  57|0x000000070c400000, 0x000000070c400000, 0x000000070c600000|  0%| F|  |TAMS 0x000000070c400000| PB 0x000000070c400000| Untracked 
|  58|0x000000070c600000, 0x000000070c600000, 0x000000070c800000|  0%| F|  |TAMS 0x000000070c600000| PB 0x000000070c600000| Untracked 
|  59|0x000000070c800000, 0x000000070c800000, 0x000000070ca00000|  0%| F|  |TAMS 0x000000070c800000| PB 0x000000070c800000| Untracked 
|  60|0x000000070ca00000, 0x000000070ca00000, 0x000000070cc00000|  0%| F|  |TAMS 0x000000070ca00000| PB 0x000000070ca00000| Untracked 
|  61|0x000000070cc00000, 0x000000070cc00000, 0x000000070ce00000|  0%| F|  |TAMS 0x000000070cc00000| PB 0x000000070cc00000| Untracked 
|  62|0x000000070ce00000, 0x000000070ce00000, 0x000000070d000000|  0%| F|  |TAMS 0x000000070ce00000| PB 0x000000070ce00000| Untracked 
|  63|0x000000070d000000, 0x000000070d000000, 0x000000070d200000|  0%| F|  |TAMS 0x000000070d000000| PB 0x000000070d000000| Untracked 
|  64|0x000000070d200000, 0x000000070d200000, 0x000000070d400000|  0%| F|  |TAMS 0x000000070d200000| PB 0x000000070d200000| Untracked 
|  65|0x000000070d400000, 0x000000070d400000, 0x000000070d600000|  0%| F|  |TAMS 0x000000070d400000| PB 0x000000070d400000| Untracked 
|  66|0x000000070d600000, 0x000000070d600000, 0x000000070d800000|  0%| F|  |TAMS 0x000000070d600000| PB 0x000000070d600000| Untracked 
|  67|0x000000070d800000, 0x000000070d800000, 0x000000070da00000|  0%| F|  |TAMS 0x000000070d800000| PB 0x000000070d800000| Untracked 
|  68|0x000000070da00000, 0x000000070da00000, 0x000000070dc00000|  0%| F|  |TAMS 0x000000070da00000| PB 0x000000070da00000| Untracked 
|  69|0x000000070dc00000, 0x000000070dc00000, 0x000000070de00000|  0%| F|  |TAMS 0x000000070dc00000| PB 0x000000070dc00000| Untracked 
|  70|0x000000070de00000, 0x000000070de00000, 0x000000070e000000|  0%| F|  |TAMS 0x000000070de00000| PB 0x000000070de00000| Untracked 
|  71|0x000000070e000000, 0x000000070e000000, 0x000000070e200000|  0%| F|  |TAMS 0x000000070e000000| PB 0x000000070e000000| Untracked 
|  72|0x000000070e200000, 0x000000070e200000, 0x000000070e400000|  0%| F|  |TAMS 0x000000070e200000| PB 0x000000070e200000| Untracked 
|  73|0x000000070e400000, 0x000000070e400000, 0x000000070e600000|  0%| F|  |TAMS 0x000000070e400000| PB 0x000000070e400000| Untracked 
|  74|0x000000070e600000, 0x000000070e600000, 0x000000070e800000|  0%| F|  |TAMS 0x000000070e600000| PB 0x000000070e600000| Untracked 
|  75|0x000000070e800000, 0x000000070e800000, 0x000000070ea00000|  0%| F|  |TAMS 0x000000070e800000| PB 0x000000070e800000| Untracked 
|  76|0x000000070ea00000, 0x000000070ea00000, 0x000000070ec00000|  0%| F|  |TAMS 0x000000070ea00000| PB 0x000000070ea00000| Untracked 
|  77|0x000000070ec00000, 0x000000070ec00000, 0x000000070ee00000|  0%| F|  |TAMS 0x000000070ec00000| PB 0x000000070ec00000| Untracked 
|  78|0x000000070ee00000, 0x000000070ee00000, 0x000000070f000000|  0%| F|  |TAMS 0x000000070ee00000| PB 0x000000070ee00000| Untracked 
|  79|0x000000070f000000, 0x000000070f000000, 0x000000070f200000|  0%| F|  |TAMS 0x000000070f000000| PB 0x000000070f000000| Untracked 
|  80|0x000000070f200000, 0x000000070f200000, 0x000000070f400000|  0%| F|  |TAMS 0x000000070f200000| PB 0x000000070f200000| Untracked 
|  81|0x000000070f400000, 0x000000070f400000, 0x000000070f600000|  0%| F|  |TAMS 0x000000070f400000| PB 0x000000070f400000| Untracked 
|  82|0x000000070f600000, 0x000000070f600000, 0x000000070f800000|  0%| F|  |TAMS 0x000000070f600000| PB 0x000000070f600000| Untracked 
|  83|0x000000070f800000, 0x000000070f800000, 0x000000070fa00000|  0%| F|  |TAMS 0x000000070f800000| PB 0x000000070f800000| Untracked 
|  84|0x000000070fa00000, 0x000000070fa00000, 0x000000070fc00000|  0%| F|  |TAMS 0x000000070fa00000| PB 0x000000070fa00000| Untracked 
|  85|0x000000070fc00000, 0x000000070fc00000, 0x000000070fe00000|  0%| F|  |TAMS 0x000000070fc00000| PB 0x000000070fc00000| Untracked 
|  86|0x000000070fe00000, 0x000000070fe00000, 0x0000000710000000|  0%| F|  |TAMS 0x000000070fe00000| PB 0x000000070fe00000| Untracked 
|  87|0x0000000710000000, 0x0000000710000000, 0x0000000710200000|  0%| F|  |TAMS 0x0000000710000000| PB 0x0000000710000000| Untracked 
|  88|0x0000000710200000, 0x0000000710200000, 0x0000000710400000|  0%| F|  |TAMS 0x0000000710200000| PB 0x0000000710200000| Untracked 
|  89|0x0000000710400000, 0x0000000710400000, 0x0000000710600000|  0%| F|  |TAMS 0x0000000710400000| PB 0x0000000710400000| Untracked 
|  90|0x0000000710600000, 0x0000000710600000, 0x0000000710800000|  0%| F|  |TAMS 0x0000000710600000| PB 0x0000000710600000| Untracked 
|  91|0x0000000710800000, 0x0000000710800000, 0x0000000710a00000|  0%| F|  |TAMS 0x0000000710800000| PB 0x0000000710800000| Untracked 
|  92|0x0000000710a00000, 0x0000000710a00000, 0x0000000710c00000|  0%| F|  |TAMS 0x0000000710a00000| PB 0x0000000710a00000| Untracked 
|  93|0x0000000710c00000, 0x0000000710c00000, 0x0000000710e00000|  0%| F|  |TAMS 0x0000000710c00000| PB 0x0000000710c00000| Untracked 
|  94|0x0000000710e00000, 0x0000000710e00000, 0x0000000711000000|  0%| F|  |TAMS 0x0000000710e00000| PB 0x0000000710e00000| Untracked 
|  95|0x0000000711000000, 0x0000000711000000, 0x0000000711200000|  0%| F|  |TAMS 0x0000000711000000| PB 0x0000000711000000| Untracked 
|  96|0x0000000711200000, 0x0000000711200000, 0x0000000711400000|  0%| F|  |TAMS 0x0000000711200000| PB 0x0000000711200000| Untracked 
|  97|0x0000000711400000, 0x0000000711400000, 0x0000000711600000|  0%| F|  |TAMS 0x0000000711400000| PB 0x0000000711400000| Untracked 
|  98|0x0000000711600000, 0x0000000711600000, 0x0000000711800000|  0%| F|  |TAMS 0x0000000711600000| PB 0x0000000711600000| Untracked 
|  99|0x0000000711800000, 0x0000000711800000, 0x0000000711a00000|  0%| F|  |TAMS 0x0000000711800000| PB 0x0000000711800000| Untracked 
| 100|0x0000000711a00000, 0x0000000711a00000, 0x0000000711c00000|  0%| F|  |TAMS 0x0000000711a00000| PB 0x0000000711a00000| Untracked 
| 101|0x0000000711c00000, 0x0000000711c00000, 0x0000000711e00000|  0%| F|  |TAMS 0x0000000711c00000| PB 0x0000000711c00000| Untracked 
| 102|0x0000000711e00000, 0x0000000711e00000, 0x0000000712000000|  0%| F|  |TAMS 0x0000000711e00000| PB 0x0000000711e00000| Untracked 
| 103|0x0000000712000000, 0x0000000712000000, 0x0000000712200000|  0%| F|  |TAMS 0x0000000712000000| PB 0x0000000712000000| Untracked 
| 104|0x0000000712200000, 0x0000000712200000, 0x0000000712400000|  0%| F|  |TAMS 0x0000000712200000| PB 0x0000000712200000| Untracked 
| 105|0x0000000712400000, 0x0000000712400000, 0x0000000712600000|  0%| F|  |TAMS 0x0000000712400000| PB 0x0000000712400000| Untracked 
| 106|0x0000000712600000, 0x0000000712600000, 0x0000000712800000|  0%| F|  |TAMS 0x0000000712600000| PB 0x0000000712600000| Untracked 
| 107|0x0000000712800000, 0x0000000712800000, 0x0000000712a00000|  0%| F|  |TAMS 0x0000000712800000| PB 0x0000000712800000| Untracked 
| 108|0x0000000712a00000, 0x0000000712a00000, 0x0000000712c00000|  0%| F|  |TAMS 0x0000000712a00000| PB 0x0000000712a00000| Untracked 
| 109|0x0000000712c00000, 0x0000000712c00000, 0x0000000712e00000|  0%| F|  |TAMS 0x0000000712c00000| PB 0x0000000712c00000| Untracked 
| 110|0x0000000712e00000, 0x0000000712e00000, 0x0000000713000000|  0%| F|  |TAMS 0x0000000712e00000| PB 0x0000000712e00000| Untracked 
| 111|0x0000000713000000, 0x0000000713000000, 0x0000000713200000|  0%| F|  |TAMS 0x0000000713000000| PB 0x0000000713000000| Untracked 
| 112|0x0000000713200000, 0x0000000713200000, 0x0000000713400000|  0%| F|  |TAMS 0x0000000713200000| PB 0x0000000713200000| Untracked 
| 113|0x0000000713400000, 0x0000000713600000, 0x0000000713600000|100%| S|CS|TAMS 0x0000000713400000| PB 0x0000000713400000| Complete 
| 114|0x0000000713600000, 0x0000000713800000, 0x0000000713800000|100%| S|CS|TAMS 0x0000000713600000| PB 0x0000000713600000| Complete 
| 115|0x0000000713800000, 0x0000000713800000, 0x0000000713a00000|  0%| F|  |TAMS 0x0000000713800000| PB 0x0000000713800000| Untracked 
| 116|0x0000000713a00000, 0x0000000713a00000, 0x0000000713c00000|  0%| F|  |TAMS 0x0000000713a00000| PB 0x0000000713a00000| Untracked 
| 117|0x0000000713c00000, 0x0000000713c00000, 0x0000000713e00000|  0%| F|  |TAMS 0x0000000713c00000| PB 0x0000000713c00000| Untracked 
| 118|0x0000000713e00000, 0x0000000713e00000, 0x0000000714000000|  0%| F|  |TAMS 0x0000000713e00000| PB 0x0000000713e00000| Untracked 
| 119|0x0000000714000000, 0x0000000714000000, 0x0000000714200000|  0%| F|  |TAMS 0x0000000714000000| PB 0x0000000714000000| Untracked 
| 120|0x0000000714200000, 0x0000000714200000, 0x0000000714400000|  0%| F|  |TAMS 0x0000000714200000| PB 0x0000000714200000| Untracked 
| 121|0x0000000714400000, 0x0000000714400000, 0x0000000714600000|  0%| F|  |TAMS 0x0000000714400000| PB 0x0000000714400000| Untracked 
| 122|0x0000000714600000, 0x0000000714600000, 0x0000000714800000|  0%| F|  |TAMS 0x0000000714600000| PB 0x0000000714600000| Untracked 
| 123|0x0000000714800000, 0x0000000714800000, 0x0000000714a00000|  0%| F|  |TAMS 0x0000000714800000| PB 0x0000000714800000| Untracked 
| 124|0x0000000714a00000, 0x0000000714ad2ca0, 0x0000000714c00000| 41%| E|  |TAMS 0x0000000714a00000| PB 0x0000000714a00000| Complete 
| 125|0x0000000714c00000, 0x0000000714e00000, 0x0000000714e00000|100%| E|CS|TAMS 0x0000000714c00000| PB 0x0000000714c00000| Complete 

Card table byte_map: [0x000001d9709e0000,0x000001d9711c0000] _byte_map_base: 0x000001d96d1b7000

Marking Bits: (CMBitMap*) 0x000001d956977400
 Bits: [0x000001d9711c0000, 0x000001d975078000)

Polling page: 0x000001d956670000

Metaspace:

Usage:
  Non-class:      9.67 MB used.
      Class:    989.36 KB used.
       Both:     10.64 MB used.

Virtual space:
  Non-class space:       64.00 MB reserved,       9.81 MB ( 15%) committed,  1 nodes.
      Class space:        1.00 GB reserved,       1.06 MB ( <1%) committed,  1 nodes.
             Both:        1.06 GB reserved,      10.88 MB ( <1%) committed. 

Chunk freelists:
   Non-Class:  6.19 MB
       Class:  14.88 MB
        Both:  21.06 MB

MaxMetaspaceSize: unlimited
CompressedClassSpaceSize: 1.00 GB
Initial GC threshold: 21.00 MB
Current GC threshold: 21.00 MB
CDS: on
 - commit_granule_bytes: 65536.
 - commit_granule_words: 8192.
 - virtual_space_node_default_size: 8388608.
 - enlarge_chunks_in_place: 1.
 - use_allocation_guard: 0.


Internal statistics:

num_allocs_failed_limit: 0.
num_arena_births: 326.
num_arena_deaths: 0.
num_vsnodes_births: 2.
num_vsnodes_deaths: 0.
num_space_committed: 172.
num_space_uncommitted: 0.
num_chunks_returned_to_freelist: 0.
num_chunks_taken_from_freelist: 547.
num_chunk_merges: 0.
num_chunk_splits: 341.
num_chunks_enlarged: 188.
num_inconsistent_stats: 0.

CodeHeap 'non-profiled nmethods': size=120000Kb used=556Kb max_used=556Kb free=119444Kb
 bounds [0x000001d968040000, 0x000001d9682b0000, 0x000001d96f570000]
CodeHeap 'profiled nmethods': size=120000Kb used=2883Kb max_used=2883Kb free=117116Kb
 bounds [0x000001d960570000, 0x000001d960850000, 0x000001d967aa0000]
CodeHeap 'non-nmethods': size=5760Kb used=2188Kb max_used=2202Kb free=3572Kb
 bounds [0x000001d967aa0000, 0x000001d967d10000, 0x000001d968040000]
 total_blobs=2830 nmethods=1688 adapters=1047
 compilation: enabled
              stopped_count=0, restarted_count=0
 full_count=0

Compilation events (20 events):
Event: 4.746 Thread 0x000001d97762e540 1678       3       java.lang.ClassValue$ClassValueMap::probeHomeLocation (13 bytes)
Event: 4.746 Thread 0x000001d97762e540 nmethod 1678 0x000001d96083c690 code [0x000001d96083c840, 0x000001d96083caa0]
Event: 4.747 Thread 0x000001d97762e540 1679       3       sun.rmi.runtime.Log$LoggerLog::isLoggable (9 bytes)
Event: 4.747 Thread 0x000001d97762e540 nmethod 1679 0x000001d96083cc10 code [0x000001d96083cdc0, 0x000001d96083d070]
Event: 4.747 Thread 0x000001d97762e540 1680       3       java.lang.invoke.DirectMethodHandle$Holder::invokeSpecial (15 bytes)
Event: 4.747 Thread 0x000001d97762e540 nmethod 1680 0x000001d96083d190 code [0x000001d96083d360, 0x000001d96083d898]
Event: 4.747 Thread 0x000001d97762e540 1681       3       sun.util.logging.internal.LoggingProviderImpl$JULWrapper::toJUL (40 bytes)
Event: 4.747 Thread 0x000001d97762e540 nmethod 1681 0x000001d96083d990 code [0x000001d96083db40, 0x000001d96083dd00]
Event: 4.747 Thread 0x000001d97762e540 1682       3       java.io.ObjectStreamField::isPrimitive (23 bytes)
Event: 4.747 Thread 0x000001d97762e540 nmethod 1682 0x000001d96083de10 code [0x000001d96083e020, 0x000001d96083e708]
Event: 4.747 Thread 0x000001d97762e540 1683       3       java.io.ObjectOutputStream::writeHandle (22 bytes)
Event: 4.747 Thread 0x000001d97762e540 nmethod 1683 0x000001d96083ea10 code [0x000001d96083ebc0, 0x000001d96083ed70]
Event: 4.908 Thread 0x000001d97762e540 1684       3       org.lwjgl.system.MemoryUtil::address (11 bytes)
Event: 4.908 Thread 0x000001d97762e540 nmethod 1684 0x000001d96083ee90 code [0x000001d96083f020, 0x000001d96083f128]
Event: 4.925 Thread 0x000001d97762e540 1685       3       com.badlogic.gdx.backends.lwjgl3.Lwjgl3GL20::glDepthMask (5 bytes)
Event: 4.925 Thread 0x000001d97762e540 nmethod 1685 0x000001d96083f210 code [0x000001d96083f3c0, 0x000001d96083f558]
Event: 4.925 Thread 0x000001d97762e540 1686       3       org.lwjgl.opengl.GL11::glDepthMask (5 bytes)
Event: 4.925 Thread 0x000001d97762e540 nmethod 1686 0x000001d96083f610 code [0x000001d96083f7c0, 0x000001d96083f8d8]
Event: 5.063 Thread 0x000001d97762e540 1688       3       java.util.Arrays::copyOfRange (90 bytes)
Event: 5.064 Thread 0x000001d97762e540 nmethod 1688 0x000001d96083f990 code [0x000001d96083fc40, 0x000001d960840908]

GC Heap chessGame.History (2 events):
Event: 0.938 GC heap before
{Heap before GC invocations=0 (full 0):
 garbage-first heap   total 258048K, used 22528K [0x0000000705200000, 0x0000000800000000)
  region size 2048K, 11 young (22528K), 0 survivors (0K)
 Metaspace       used 10056K, committed 10368K, reserved 1114112K
  class space    used 951K, committed 1088K, reserved 1048576K
}
Event: 0.942 GC heap after
{Heap after GC invocations=1 (full 0):
 garbage-first heap   total 258048K, used 4202K [0x0000000705200000, 0x0000000800000000)
  region size 2048K, 2 young (4096K), 2 survivors (4096K)
 Metaspace       used 10056K, committed 10368K, reserved 1114112K
  class space    used 951K, committed 1088K, reserved 1048576K
}

Dll operation events (15 events):
Event: 0.006 Loaded shared library C:\Users\Nico\.jdks\openjdk-21.0.1\bin\java.dll
Event: 0.028 Loaded shared library C:\Users\Nico\.jdks\openjdk-21.0.1\bin\jsvml.dll
Event: 0.067 Loaded shared library C:\Users\Nico\.jdks\openjdk-21.0.1\bin\zip.dll
Event: 0.069 Loaded shared library C:\Users\Nico\.jdks\openjdk-21.0.1\bin\instrument.dll
Event: 0.072 Loaded shared library C:\Users\Nico\.jdks\openjdk-21.0.1\bin\net.dll
Event: 0.074 Loaded shared library C:\Users\Nico\.jdks\openjdk-21.0.1\bin\nio.dll
Event: 0.076 Loaded shared library C:\Users\Nico\.jdks\openjdk-21.0.1\bin\zip.dll
Event: 0.096 Loaded shared library C:\Users\Nico\.jdks\openjdk-21.0.1\bin\jimage.dll
Event: 0.114 Loaded shared library C:\Program Files\JetBrains\IntelliJ IDEA 2024.2.3\bin\breakgen64.dll
Event: 0.126 Loaded shared library C:\Users\Nico\.jdks\openjdk-21.0.1\bin\extnet.dll
Event: 0.135 Loaded shared library C:\Users\Nico\.jdks\openjdk-21.0.1\bin\management.dll
Event: 0.143 Loaded shared library C:\Users\Nico\.jdks\openjdk-21.0.1\bin\management_ext.dll
Event: 0.143 Loaded shared library C:\Users\Nico\AppData\Local\Temp\libgdxNico\7a778cac\gdx64.dll
Event: 0.179 Loaded shared library C:\Users\Nico\AppData\Local\Temp\lwjgl_Nico\3.3.2+13\x64\lwjgl.dll
Event: 0.672 Loaded shared library C:\Users\Nico\AppData\Local\Temp\lwjgl_Nico\3.3.2+13\x64\lwjgl_opengl.dll

Deoptimization events (20 events):
Event: 0.224 Thread 0x000001d977624600 Uncommon trap: trap_request=0xffffff45 fr.pc=0x000001d968088214 relative=0x0000000000000074
Event: 0.224 Thread 0x000001d977624600 Uncommon trap: reason=unstable_if action=reinterpret pc=0x000001d968088214 method=jdk.internal.util.xml.impl.Parser.ensureCapacity(I)V @ 40 c2
Event: 0.224 Thread 0x000001d977624600 DEOPT PACKING pc=0x000001d968088214 sp=0x000000a6b29fd3f0
Event: 0.224 Thread 0x000001d977624600 DEOPT UNPACKING pc=0x000001d967af46a2 sp=0x000000a6b29fd368 mode 2
Event: 0.257 Thread 0x000001d9566bb010 DEOPT PACKING pc=0x000001d9605f47ce sp=0x000000a6b1efdc20
Event: 0.257 Thread 0x000001d9566bb010 DEOPT UNPACKING pc=0x000001d967af4e42 sp=0x000000a6b1efd0c0 mode 0
Event: 0.287 Thread 0x000001d977624600 Uncommon trap: trap_request=0xffffff45 fr.pc=0x000001d968096e00 relative=0x0000000000000420
Event: 0.287 Thread 0x000001d977624600 Uncommon trap: reason=unstable_if action=reinterpret pc=0x000001d968096e00 method=java.util.HashMap.getNode(Ljava/lang/Object;)Ljava/util/HashMap$Node; @ 66 c2
Event: 0.287 Thread 0x000001d977624600 DEOPT PACKING pc=0x000001d968096e00 sp=0x000000a6b29fdb70
Event: 0.287 Thread 0x000001d977624600 DEOPT UNPACKING pc=0x000001d967af46a2 sp=0x000000a6b29fdae0 mode 2
Event: 0.443 Thread 0x000001d9566bb010 Uncommon trap: trap_request=0xffffff76 fr.pc=0x000001d9680596e0 relative=0x00000000000001a0
Event: 0.443 Thread 0x000001d9566bb010 Uncommon trap: reason=predicate action=maybe_recompile pc=0x000001d9680596e0 method=java.util.regex.Pattern$BmpCharPropertyGreedy.match(Ljava/util/regex/Matcher;ILjava/lang/CharSequence;)Z @ 12 c2
Event: 0.443 Thread 0x000001d9566bb010 DEOPT PACKING pc=0x000001d9680596e0 sp=0x000000a6b1eff0c0
Event: 0.443 Thread 0x000001d9566bb010 DEOPT UNPACKING pc=0x000001d967af46a2 sp=0x000000a6b1eff078 mode 2
Event: 0.886 Thread 0x000001d9566bb010 DEOPT PACKING pc=0x000001d9605f4f95 sp=0x000000a6b1efab70
Event: 0.886 Thread 0x000001d9566bb010 DEOPT UNPACKING pc=0x000001d967af4e42 sp=0x000000a6b1ef9fc0 mode 0
Event: 0.943 Thread 0x000001d9566bb010 Uncommon trap: trap_request=0xffffff45 fr.pc=0x000001d9680a3e98 relative=0x00000000000000f8
Event: 0.943 Thread 0x000001d9566bb010 Uncommon trap: reason=unstable_if action=reinterpret pc=0x000001d9680a3e98 method=java.lang.ref.SoftReference.get()Ljava/lang/Object; @ 17 c2
Event: 0.943 Thread 0x000001d9566bb010 DEOPT PACKING pc=0x000001d9680a3e98 sp=0x000000a6b1efcd10
Event: 0.943 Thread 0x000001d9566bb010 DEOPT UNPACKING pc=0x000001d967af46a2 sp=0x000000a6b1efccc8 mode 2

Classes loaded (20 events):
Event: 0.453 Loading class java/lang/Thread$ThreadNumbering
Event: 0.453 Loading class java/lang/Thread$ThreadNumbering done
Event: 0.456 Loading class java/util/concurrent/LinkedBlockingQueue
Event: 0.456 Loading class java/util/concurrent/LinkedBlockingQueue done
Event: 0.578 Loading class jdk/internal/event/ThreadSleepEvent
Event: 0.579 Loading class jdk/internal/event/ThreadSleepEvent done
Event: 0.645 Loading class java/lang/NumberFormatException
Event: 0.645 Loading class java/lang/NumberFormatException done
Event: 0.648 Loading class javax/management/openmbean/CompositeDataSupport
Event: 0.648 Loading class javax/management/openmbean/CompositeDataSupport done
Event: 0.649 Loading class javax/management/openmbean/OpenDataException
Event: 0.649 Loading class javax/management/openmbean/OpenDataException done
Event: 0.651 Loading class java/io/ObjectStreamException
Event: 0.651 Loading class java/io/ObjectStreamException done
Event: 0.674 Loading class sun/nio/cs/UTF_16LE$Decoder
Event: 0.674 Loading class sun/nio/cs/UnicodeDecoder
Event: 0.674 Loading class sun/nio/cs/UnicodeDecoder done
Event: 0.674 Loading class sun/nio/cs/UTF_16LE$Decoder done
Event: 0.931 Loading class java/util/NoSuchElementException
Event: 0.931 Loading class java/util/NoSuchElementException done

Classes unloaded (0 events):
No events

Classes redefined (0 events):
No events

Internal exceptions (20 events):
Event: 0.296 Thread 0x000001d9566bb010 Exception <a 'sun/nio/fs/WindowsException'{0x0000000713f6cb88}> (0x0000000713f6cb88) 
thrown [s\open\src\hotspot\share\prims\jni.cpp, line 520]
Event: 0.297 Thread 0x000001d9566bb010 Exception <a 'sun/nio/fs/WindowsException'{0x0000000713f6cf00}> (0x0000000713f6cf00) 
thrown [s\open\src\hotspot\share\prims\jni.cpp, line 520]
Event: 0.321 Thread 0x000001d97d057030 Exception <a 'java/lang/NoSuchMethodError'{0x0000000713cd8f00}: static [B.<clinit>()V> (0x0000000713cd8f00) 
thrown [s\open\src\hotspot\share\prims\jni.cpp, line 1106]
Event: 0.323 Thread 0x000001d97d057030 Exception <a 'java/lang/NoSuchMethodError'{0x0000000713cdcdb8}: 'java.lang.Object java.lang.invoke.DirectMethodHandle$Holder.invokeInterface(java.lang.Object, java.lang.Object, java.lang.Object)'> (0x0000000713cdcdb8) 
thrown [s\open\src\hotspot\share\interpreter\linkResolver.cpp, line 773]
Event: 0.330 Thread 0x000001d97d057030 Exception <a 'java/lang/ClassNotFoundException'{0x0000000713d728f8}: javax/management/remote/rmi/RMIConnectionImpl_Skel> (0x0000000713d728f8) 
thrown [s\open\src\hotspot\share\classfile\systemDictionary.cpp, line 312]
Event: 0.334 Thread 0x000001d97d057030 Exception <a 'java/lang/NoSuchMethodError'{0x0000000713d92598}: 'java.lang.Object java.lang.invoke.DirectMethodHandle$Holder.invokeInterface(java.lang.Object, java.lang.Object)'> (0x0000000713d92598) 
thrown [s\open\src\hotspot\share\interpreter\linkResolver.cpp, line 773]
Event: 0.338 Thread 0x000001d97d057030 Exception <a 'java/lang/NoSuchMethodError'{0x0000000713db2658}: 'int java.lang.invoke.DelegatingMethodHandle$Holder.reinvoke_L(java.lang.Object, java.lang.Object, java.lang.Object, java.lang.Object, java.lang.Object)'> (0x0000000713db2658) 
thrown [s\open\src\hotspot\share\interpreter\linkResolver.cpp, line 773]
Event: 0.341 Thread 0x000001d97d057030 Exception <a 'java/lang/NoSuchMethodError'{0x0000000713a0b0c0}: 'java.lang.Object java.lang.invoke.DirectMethodHandle$Holder.invokeInterface(java.lang.Object, java.lang.Object, java.lang.Object, java.lang.Object, java.lang.Object)'> (0x0000000713a0b0c0) 
thrown [s\open\src\hotspot\share\interpreter\linkResolver.cpp, line 773]
Event: 0.344 Thread 0x000001d97d057030 Exception <a 'java/lang/NoSuchMethodError'{0x0000000713a2df20}: 'double java.lang.invoke.DirectMethodHandle$Holder.invokeInterface(java.lang.Object, java.lang.Object)'> (0x0000000713a2df20) 
thrown [s\open\src\hotspot\share\interpreter\linkResolver.cpp, line 773]
Event: 0.344 Thread 0x000001d97d057030 Exception <a 'java/lang/NoSuchMethodError'{0x0000000713a35690}: 'double java.lang.invoke.DelegatingMethodHandle$Holder.reinvoke_L(java.lang.Object, java.lang.Object)'> (0x0000000713a35690) 
thrown [s\open\src\hotspot\share\interpreter\linkResolver.cpp, line 773]
Event: 0.443 Thread 0x000001d9566bb010 Exception <a 'java/lang/NoSuchMethodError'{0x0000000713fa5f30}: 'java.lang.Object java.lang.invoke.DirectMethodHandle$Holder.newInvokeSpecial(java.lang.Object, long)'> (0x0000000713fa5f30) 
thrown [s\open\src\hotspot\share\interpreter\linkResolver.cpp, line 773]
Event: 0.647 Thread 0x000001d97d057030 Exception <a 'java/lang/NoSuchMethodError'{0x0000000713a52ef0}: 'long java.lang.invoke.DirectMethodHandle$Holder.invokeVirtual(java.lang.Object, java.lang.Object)'> (0x0000000713a52ef0) 
thrown [s\open\src\hotspot\share\interpreter\linkResolver.cpp, line 773]
Event: 0.647 Thread 0x000001d97d057030 Exception <a 'java/lang/NoSuchMethodError'{0x0000000713a56470}: 'long java.lang.invoke.DelegatingMethodHandle$Holder.reinvoke_L(java.lang.Object, java.lang.Object)'> (0x0000000713a56470) 
thrown [s\open\src\hotspot\share\interpreter\linkResolver.cpp, line 773]
Event: 0.667 Thread 0x000001d9566bb010 Exception <a 'java/lang/NoSuchMethodError'{0x0000000713bbfa78}: 'void java.lang.System.load(java.lang.String, java.lang.Class)'> (0x0000000713bbfa78) 
thrown [s\open\src\hotspot\share\interpreter\linkResolver.cpp, line 773]
Event: 0.668 Thread 0x000001d9566bb010 Exception <a 'java/lang/NoSuchMethodError'{0x0000000713bc2418}: 'void java.lang.System.loadLibrary(java.lang.String, java.lang.Class)'> (0x0000000713bc2418) 
thrown [s\open\src\hotspot\share\interpreter\linkResolver.cpp, line 773]
Event: 0.671 Thread 0x000001d9566bb010 Exception <a 'sun/nio/fs/WindowsException'{0x0000000713bd3c30}> (0x0000000713bd3c30) 
thrown [s\open\src\hotspot\share\prims\jni.cpp, line 520]
Event: 0.671 Thread 0x000001d9566bb010 Exception <a 'sun/nio/fs/WindowsException'{0x0000000713bd3fc0}> (0x0000000713bd3fc0) 
thrown [s\open\src\hotspot\share\prims\jni.cpp, line 520]
Event: 0.674 Thread 0x000001d9566bb010 Exception <a 'sun/nio/fs/WindowsException'{0x000000071380f210}> (0x000000071380f210) 
thrown [s\open\src\hotspot\share\prims\jni.cpp, line 520]
Event: 0.674 Thread 0x000001d9566bb010 Exception <a 'sun/nio/fs/WindowsException'{0x000000071380f4e0}> (0x000000071380f4e0) 
thrown [s\open\src\hotspot\share\prims\jni.cpp, line 520]
Event: 5.035 Thread 0x000001d97cf4a0c0 Exception <a 'java/lang/InterruptedException'{0x0000000714a469a0}: sleep interrupted> (0x0000000714a469a0) 
thrown [s\open\src\hotspot\share\prims\jvm.cpp, line 3074]

ZGC Phase Switch (0 events):
No events

VM Operations (20 events):
Event: 0.139 Executing VM operation: HandshakeAllThreads (Deoptimize)
Event: 0.139 Executing VM operation: HandshakeAllThreads (Deoptimize) done
Event: 0.140 Executing VM operation: HandshakeAllThreads (Deoptimize)
Event: 0.140 Executing VM operation: HandshakeAllThreads (Deoptimize) done
Event: 0.254 Executing VM operation: HandshakeAllThreads (Deoptimize)
Event: 0.255 Executing VM operation: HandshakeAllThreads (Deoptimize) done
Event: 0.282 Executing VM operation: HandshakeAllThreads (Deoptimize)
Event: 0.282 Executing VM operation: HandshakeAllThreads (Deoptimize) done
Event: 0.329 Executing VM operation: HandshakeAllThreads (Deoptimize)
Event: 0.329 Executing VM operation: HandshakeAllThreads (Deoptimize) done
Event: 0.669 Executing VM operation: ICBufferFull
Event: 0.669 Executing VM operation: ICBufferFull done
Event: 0.938 Executing VM operation: G1CollectForAllocation (G1 Evacuation Pause)
Event: 0.942 Executing VM operation: G1CollectForAllocation (G1 Evacuation Pause) done
Event: 1.944 Executing VM operation: Cleanup
Event: 1.944 Executing VM operation: Cleanup done
Event: 2.958 Executing VM operation: Cleanup
Event: 2.958 Executing VM operation: Cleanup done
Event: 3.960 Executing VM operation: Cleanup
Event: 3.960 Executing VM operation: Cleanup done

Events (20 events):
Event: 0.026 Thread 0x000001d97761c020 Thread added: 0x000001d97761c020
Event: 0.026 Thread 0x000001d977621a20 Thread added: 0x000001d977621a20
Event: 0.026 Thread 0x000001d977624600 Thread added: 0x000001d977624600
Event: 0.027 Thread 0x000001d977622ff0 Thread added: 0x000001d977622ff0
Event: 0.027 Thread 0x000001d977623c00 Thread added: 0x000001d977623c00
Event: 0.027 Thread 0x000001d97762a8a0 Thread added: 0x000001d97762a8a0
Event: 0.027 Thread 0x000001d97762e540 Thread added: 0x000001d97762e540
Event: 0.055 Thread 0x000001d9775e36b0 Thread added: 0x000001d9775e36b0
Event: 0.102 Thread 0x000001d97c3fdf10 Thread added: 0x000001d97c3fdf10
Event: 0.116 Thread 0x000001d97c426dc0 Thread added: 0x000001d97c426dc0
Event: 0.116 Thread 0x000001d97c4b9270 Thread added: 0x000001d97c4b9270
Event: 0.228 Thread 0x000001d97c720380 Thread added: 0x000001d97c720380
Event: 0.290 Thread 0x000001d97c8e1570 Thread added: 0x000001d97c8e1570
Event: 0.303 Thread 0x000001d97d057030 Thread added: 0x000001d97d057030
Event: 0.321 Thread 0x000001d97d07d730 Thread added: 0x000001d97d07d730
Event: 0.328 Thread 0x000001d97ca6c760 Thread added: 0x000001d97ca6c760
Event: 0.442 Thread 0x000001d97c720380 Thread exited: 0x000001d97c720380
Event: 0.453 Thread 0x000001d97cf4a0c0 Thread added: 0x000001d97cf4a0c0
Event: 0.644 Thread 0x000001d97c3fdf10 Thread exited: 0x000001d97c3fdf10
Event: 5.035 Thread 0x000001d97cf4a0c0 Thread exited: 0x000001d97cf4a0c0


Dynamic libraries:
0x00007ff615080000 - 0x00007ff61508e000 	C:\Users\Nico\.jdks\openjdk-21.0.1\bin\java.exe
0x00007ff98bd60000 - 0x00007ff98bfc3000 	C:\WINDOWS\SYSTEM32\ntdll.dll
0x00007ff98a680000 - 0x00007ff98a747000 	C:\WINDOWS\System32\KERNEL32.DLL
0x00007ff989450000 - 0x00007ff989817000 	C:\WINDOWS\System32\KERNELBASE.dll
0x00007ff9898e0000 - 0x00007ff989a2c000 	C:\WINDOWS\System32\ucrtbase.dll
0x00007ff973ea0000 - 0x00007ff973ebb000 	C:\Users\Nico\.jdks\openjdk-21.0.1\bin\VCRUNTIME140.dll
0x00007ff97d210000 - 0x00007ff97d228000 	C:\Users\Nico\.jdks\openjdk-21.0.1\bin\jli.dll
0x00007ff98b360000 - 0x00007ff98b529000 	C:\WINDOWS\System32\USER32.dll
0x00007ff95ea10000 - 0x00007ff95eca0000 	C:\WINDOWS\WinSxS\amd64_microsoft.windows.common-controls_6595b64144ccf1df_6.0.26100.3037_none_3e09262ce333c378\COMCTL32.dll
0x00007ff9898b0000 - 0x00007ff9898d7000 	C:\WINDOWS\System32\win32u.dll
0x00007ff98a2c0000 - 0x00007ff98a369000 	C:\WINDOWS\System32\msvcrt.dll
0x00007ff98a0d0000 - 0x00007ff98a0fa000 	C:\WINDOWS\System32\GDI32.dll
0x00007ff989320000 - 0x00007ff98944b000 	C:\WINDOWS\System32\gdi32full.dll
0x00007ff989af0000 - 0x00007ff989b93000 	C:\WINDOWS\System32\msvcp_win.dll
0x00007ff989fa0000 - 0x00007ff989fcf000 	C:\WINDOWS\System32\IMM32.DLL
0x00007ff97e450000 - 0x00007ff97e45c000 	C:\Users\Nico\.jdks\openjdk-21.0.1\bin\vcruntime140_1.dll
0x00007ff93a750000 - 0x00007ff93a7de000 	C:\Users\Nico\.jdks\openjdk-21.0.1\bin\msvcp140.dll
0x00007ff91cd40000 - 0x00007ff91da55000 	C:\Users\Nico\.jdks\openjdk-21.0.1\bin\server\jvm.dll
0x00007ff98a100000 - 0x00007ff98a1b4000 	C:\WINDOWS\System32\ADVAPI32.dll
0x00007ff98b590000 - 0x00007ff98b636000 	C:\WINDOWS\System32\sechost.dll
0x00007ff98b640000 - 0x00007ff98b756000 	C:\WINDOWS\System32\RPCRT4.dll
0x00007ff98aae0000 - 0x00007ff98ab54000 	C:\WINDOWS\System32\WS2_32.dll
0x00007ff9881b0000 - 0x00007ff9881fe000 	C:\WINDOWS\SYSTEM32\POWRPROF.dll
0x00007ff975c80000 - 0x00007ff975c8b000 	C:\WINDOWS\SYSTEM32\VERSION.dll
0x00007ff97acf0000 - 0x00007ff97ad26000 	C:\WINDOWS\SYSTEM32\WINMM.dll
0x00007ff9880a0000 - 0x00007ff9880b4000 	C:\WINDOWS\SYSTEM32\UMPDC.dll
0x00007ff987f60000 - 0x00007ff987f7a000 	C:\WINDOWS\SYSTEM32\kernel.appcore.dll
0x00007ff975440000 - 0x00007ff97544a000 	C:\Users\Nico\.jdks\openjdk-21.0.1\bin\jimage.dll
0x00007ff9860a0000 - 0x00007ff9862e1000 	C:\WINDOWS\SYSTEM32\DBGHELP.DLL
0x00007ff98a750000 - 0x00007ff98aace000 	C:\WINDOWS\System32\combase.dll
0x00007ff98ab70000 - 0x00007ff98ac46000 	C:\WINDOWS\System32\OLEAUT32.dll
0x00007ff959600000 - 0x00007ff959639000 	C:\WINDOWS\SYSTEM32\dbgcore.DLL
0x00007ff989280000 - 0x00007ff989319000 	C:\WINDOWS\System32\bcryptPrimitives.dll
0x00007ff96b4c0000 - 0x00007ff96b4cf000 	C:\Users\Nico\.jdks\openjdk-21.0.1\bin\instrument.dll
0x00007ff9720c0000 - 0x00007ff9720df000 	C:\Users\Nico\.jdks\openjdk-21.0.1\bin\java.dll
0x00007ff98ac50000 - 0x00007ff98b354000 	C:\WINDOWS\System32\SHELL32.dll
0x00007ff986dc0000 - 0x00007ff9875f7000 	C:\WINDOWS\SYSTEM32\windows.storage.dll
0x00007ff989fe0000 - 0x00007ff98a0c9000 	C:\WINDOWS\System32\SHCORE.dll
0x00007ff98b530000 - 0x00007ff98b58d000 	C:\WINDOWS\System32\shlwapi.dll
0x00007ff989010000 - 0x00007ff98903e000 	C:\WINDOWS\SYSTEM32\profapi.dll
0x00007ff92da80000 - 0x00007ff92db57000 	C:\Users\Nico\.jdks\openjdk-21.0.1\bin\jsvml.dll
0x00007ff971b50000 - 0x00007ff971b68000 	C:\Users\Nico\.jdks\openjdk-21.0.1\bin\zip.dll
0x00007ff974310000 - 0x00007ff974320000 	C:\Users\Nico\.jdks\openjdk-21.0.1\bin\net.dll
0x00007ff984710000 - 0x00007ff98482e000 	C:\WINDOWS\SYSTEM32\WINHTTP.dll
0x00007ff9884f0000 - 0x00007ff98855a000 	C:\WINDOWS\system32\mswsock.dll
0x00007ff971b70000 - 0x00007ff971b86000 	C:\Users\Nico\.jdks\openjdk-21.0.1\bin\nio.dll
0x00007ff96acd0000 - 0x00007ff96acea000 	C:\Program Files\JetBrains\IntelliJ IDEA 2024.2.3\bin\breakgen64.dll
0x00007ff9720b0000 - 0x00007ff9720b7000 	C:\Users\Nico\.jdks\openjdk-21.0.1\bin\extnet.dll
0x00007ff987a00000 - 0x00007ff987b25000 	C:\WINDOWS\SYSTEM32\DNSAPI.dll
0x00007ff9879c0000 - 0x00007ff9879f2000 	C:\WINDOWS\SYSTEM32\IPHLPAPI.DLL
0x00007ff98b800000 - 0x00007ff98b80a000 	C:\WINDOWS\System32\NSI.dll
0x00007ff984200000 - 0x00007ff98420b000 	C:\Windows\System32\rasadhlp.dll
0x00007ff984af0000 - 0x00007ff984b75000 	C:\WINDOWS\System32\fwpuclnt.dll
0x00007ff96f9c0000 - 0x00007ff96f9ca000 	C:\Users\Nico\.jdks\openjdk-21.0.1\bin\management.dll
0x00007ff96f9b0000 - 0x00007ff96f9bb000 	C:\Users\Nico\.jdks\openjdk-21.0.1\bin\management_ext.dll
0x00007ff989f90000 - 0x00007ff989f98000 	C:\WINDOWS\System32\PSAPI.DLL
0x000000006e700000 - 0x000000006e72d000 	C:\Users\Nico\AppData\Local\Temp\libgdxNico\7a778cac\gdx64.dll
0x00007ff935f10000 - 0x00007ff935f8a000 	C:\Users\Nico\AppData\Local\Temp\lwjgl_Nico\3.3.2+13\x64\lwjgl.dll
0x00007ff92b270000 - 0x00007ff92b4e0000 	C:\Users\Nico\AppData\Local\Temp\lwjgl_Nico\3.3.2+13\x64\jemalloc.dll
0x00007ff92d9f0000 - 0x00007ff92da72000 	C:\Users\Nico\AppData\Local\Temp\lwjgl_Nico\3.3.2+13\x64\glfw.dll
0x00007ff9888a0000 - 0x00007ff9888bc000 	C:\WINDOWS\SYSTEM32\CRYPTSP.dll
0x00007ff987ec0000 - 0x00007ff987ef8000 	C:\WINDOWS\system32\rsaenh.dll
0x00007ff988590000 - 0x00007ff9885bb000 	C:\WINDOWS\SYSTEM32\USERENV.dll
0x00007ff988a30000 - 0x00007ff988a56000 	C:\WINDOWS\SYSTEM32\bcrypt.dll
0x00007ff988720000 - 0x00007ff98872c000 	C:\WINDOWS\SYSTEM32\CRYPTBASE.dll
0x00007ff939a10000 - 0x00007ff939a5b000 	C:\WINDOWS\SYSTEM32\dinput8.dll
0x00007ff97d240000 - 0x00007ff97d252000 	C:\WINDOWS\SYSTEM32\xinput1_4.dll
0x00007ff988d90000 - 0x00007ff988def000 	C:\WINDOWS\SYSTEM32\cfgmgr32.dll
0x00007ff988d60000 - 0x00007ff988d8d000 	C:\WINDOWS\SYSTEM32\DEVOBJ.dll
0x00007ff986720000 - 0x00007ff98674e000 	C:\WINDOWS\SYSTEM32\dwmapi.dll
0x00007ff951f10000 - 0x00007ff9520ee000 	C:\WINDOWS\SYSTEM32\inputhost.dll
0x00007ff980420000 - 0x00007ff980546000 	C:\WINDOWS\SYSTEM32\CoreMessaging.dll
0x00007ff985e90000 - 0x00007ff985f3d000 	C:\WINDOWS\system32\uxtheme.dll
0x00007ff9580a0000 - 0x00007ff9580b8000 	C:\WINDOWS\system32\napinsp.dll
0x00007ff989e30000 - 0x00007ff989f8c000 	C:\WINDOWS\System32\MSCTF.dll
0x00007ff957ff0000 - 0x00007ff958002000 	C:\WINDOWS\System32\winrnr.dll
0x00007ff957fc0000 - 0x00007ff957fe2000 	C:\WINDOWS\system32\nlansp_c.dll
0x00007ff980930000 - 0x00007ff980946000 	C:\WINDOWS\system32\wshbth.dll
0x00007ff92bac0000 - 0x00007ff92bc85000 	C:\Users\Nico\AppData\Local\Temp\lwjgl_Nico\3.3.2+13\x64\OpenAL.dll
0x00007ff98a4e0000 - 0x00007ff98a675000 	C:\WINDOWS\System32\ole32.dll
0x00007ff98a210000 - 0x00007ff98a2b8000 	C:\WINDOWS\System32\clbcatq.dll
0x00007ff980a50000 - 0x00007ff980ae2000 	C:\WINDOWS\System32\MMDevApi.dll
0x00007ff969ed0000 - 0x00007ff96a08e000 	C:\WINDOWS\SYSTEM32\AUDIOSES.DLL
0x00007ff9869b0000 - 0x00007ff9869c4000 	C:\WINDOWS\SYSTEM32\resourcepolicyclient.dll
0x00007ff959130000 - 0x00007ff959186000 	C:\WINDOWS\SYSTEM32\pdh.dll
0x00007ff95fdc0000 - 0x00007ff95fecc000 	C:\WINDOWS\SYSTEM32\opengl32.dll
0x00007ff95f580000 - 0x00007ff95f5ad000 	C:\WINDOWS\SYSTEM32\GLU32.dll
0x00007ff986580000 - 0x00007ff9865c7000 	C:\WINDOWS\SYSTEM32\dxcore.dll
0x00007ff9748e0000 - 0x00007ff9748fa000 	C:\WINDOWS\SYSTEM32\windows.staterepositorycore.dll
0x00007ff906c80000 - 0x00007ff90946d000 	C:\WINDOWS\System32\DriverStore\FileRepository\nvhmsi.inf_amd64_c3c6c86392e9d26f\nvoglv64.dll
0x00007ff98b890000 - 0x00007ff98bd16000 	C:\WINDOWS\System32\SETUPAPI.dll
0x00007ff9807a0000 - 0x00007ff9807b6000 	C:\WINDOWS\SYSTEM32\WTSAPI32.dll
0x00007ff988900000 - 0x00007ff988913000 	C:\WINDOWS\SYSTEM32\msasn1.dll
0x00007ff9758e0000 - 0x00007ff97591b000 	C:\WINDOWS\SYSTEM32\cryptnet.dll
0x00007ff989100000 - 0x00007ff989276000 	C:\WINDOWS\System32\CRYPT32.dll
0x00007ff9887c0000 - 0x00007ff98881d000 	C:\WINDOWS\SYSTEM32\wldp.dll
0x00007ff974fc0000 - 0x00007ff975139000 	C:\WINDOWS\SYSTEM32\drvstore.dll
0x00007ff989820000 - 0x00007ff98989f000 	C:\WINDOWS\System32\WINTRUST.dll
0x00007ff9880c0000 - 0x00007ff9880f5000 	C:\WINDOWS\SYSTEM32\ntmarta.dll
0x00007ff953480000 - 0x00007ff953492000 	C:\WINDOWS\System32\perfproc.dll
0x00007ff989d70000 - 0x00007ff989d90000 	C:\WINDOWS\System32\imagehlp.dll
0x00007ff90b0b0000 - 0x00007ff90e84a000 	C:\WINDOWS\System32\DriverStore\FileRepository\nvhmsi.inf_amd64_c3c6c86392e9d26f\nvgpucomp64.dll
0x00007ff93ca70000 - 0x00007ff93cd74000 	C:\WINDOWS\system32\nvspcap64.dll
0x00007ff953270000 - 0x00007ff953281000 	C:\WINDOWS\System32\perfos.dll
0x00007ff987620000 - 0x00007ff987632000 	C:\WINDOWS\SYSTEM32\pfclient.dll
0x00007ff987cd0000 - 0x00007ff987d30000 	C:\WINDOWS\SYSTEM32\WINSTA.dll
0x00007ff93a6f0000 - 0x00007ff93a74e000 	C:\Users\Nico\AppData\Local\Temp\lwjgl_Nico\3.3.2+13\x64\lwjgl_opengl.dll
0x00007ff953850000 - 0x00007ff953996000 	C:\WINDOWS\SYSTEM32\textinputframework.dll
0x00007ff97d650000 - 0x00007ff97d933000 	C:\WINDOWS\SYSTEM32\CoreUIComponents.dll
0x00007ff984c30000 - 0x00007ff984d98000 	C:\WINDOWS\SYSTEM32\wintypes.dll

dbghelp: loaded successfully - version: 4.0.5 - missing functions: none
symbol engine: initialized successfully - sym options: 0x614 - pdb path: .;C:\Users\Nico\.jdks\openjdk-21.0.1\bin;C:\WINDOWS\SYSTEM32;C:\WINDOWS\WinSxS\amd64_microsoft.windows.common-controls_6595b64144ccf1df_6.0.26100.3037_none_3e09262ce333c378;C:\Users\Nico\.jdks\openjdk-21.0.1\bin\server;C:\Program Files\JetBrains\IntelliJ IDEA 2024.2.3\bin;C:\Users\Nico\AppData\Local\Temp\libgdxNico\7a778cac;C:\Users\Nico\AppData\Local\Temp\lwjgl_Nico\3.3.2+13\x64;C:\WINDOWS\System32\DriverStore\FileRepository\nvhmsi.inf_amd64_c3c6c86392e9d26f

VM Arguments:
jvm_args: -Dorg.lwjgl.util.Debug=true -Djava.library.path=natives/ -javaagent:C:\Program Files\JetBrains\IntelliJ IDEA 2024.2.3\lib\idea_rt.jar=56598:C:\Program Files\JetBrains\IntelliJ IDEA 2024.2.3\bin -Dfile.encoding=UTF-8 -Dsun.stdout.encoding=UTF-8 -Dsun.stderr.encoding=UTF-8 
java_command: com.mygdx.chess.DesktopLauncher
java_class_path (initial): C:\Users\Nico\OneDrive\Escritorio\Estudios\Java\Semester1\Chess\target\classes;C:\Users\Nico\.m2\repository\com\badlogicgames\gdx\gdx-platform\1.12.0\gdx-platform-1.12.0-natives-desktop.jar;C:\Users\Nico\.m2\repository\com\badlogicgames\gdx\gdx\1.12.0\gdx-1.12.0.jar;C:\Users\Nico\.m2\repository\com\badlogicgames\gdx\gdx-jnigen-loader\2.3.1\gdx-jnigen-loader-2.3.1.jar;C:\Users\Nico\.m2\repository\com\badlogicgames\gdx\gdx-backend-lwjgl3\1.12.0\gdx-backend-lwjgl3-1.12.0.jar;C:\Users\Nico\.m2\repository\org\lwjgl\lwjgl\3.3.2\lwjgl-3.3.2.jar;C:\Users\Nico\.m2\repository\org\lwjgl\lwjgl\3.3.2\lwjgl-3.3.2-natives-linux.jar;C:\Users\Nico\.m2\repository\org\lwjgl\lwjgl\3.3.2\lwjgl-3.3.2-natives-linux-arm32.jar;C:\Users\Nico\.m2\repository\org\lwjgl\lwjgl\3.3.2\lwjgl-3.3.2-natives-linux-arm64.jar;C:\Users\Nico\.m2\repository\org\lwjgl\lwjgl\3.3.2\lwjgl-3.3.2-natives-macos.jar;C:\Users\Nico\.m2\repository\org\lwjgl\lwjgl\3.3.2\lwjgl-3.3.2-natives-macos-arm64.jar;C:\Users\Nico\.m2\repository\org\lwjgl\lwjgl\3.3.2\lwjgl-3.3.2-natives-windows.jar;C:\Users\Nico\.m2\repository\org\lwjgl\lwjgl\3.3.2\lwjgl-3.3.2-natives-windows-x86.jar;C:\Users\Nico\.m2\repository\org\lwjgl\lwjgl-glfw\3.3.2\lwjgl-glfw-3.3.2.jar;C:\Users\Nico\.m2\repository\org\lwjgl\lwjgl-glfw\3.3.2\lwjgl-glfw-3.3.2-natives-linux.jar;C:\Users\Nico\.m2\repository\org\lwjgl\lwjgl-glfw\3.3.2\lwjgl-glfw-3.3.2-natives-linux-arm32.jar;C:\Users\Nico\.m2\repository\org\lwjgl\lwjgl-glfw\3.3.2\lwjgl-glfw-3.3.2-natives-linux-arm64.jar;C:\Users\Nico\.m2\repository\org\lwjgl\lwjgl-glfw\3.3.2\lwjgl-glfw-3.3.2-natives-macos.jar;C:\Users\Nico\.m2\repository\org\lwjgl\lwjgl-glfw\3.3.2\lwjgl-glfw-3.3.2-natives-macos-arm64.jar;C:\Users\Nico\.m2\repository\org\lwjgl\lwjgl-glfw\3.3.2\lwjgl-glfw-3.3.2-natives-windows.jar;C:\Users\Nico\.m2\repository\org\lwjgl\lwjgl-glfw\3.3.2\lwjgl-glfw-3.3.2-natives-windows-x86.jar;C:\Users\Nico\.m2\repository\org\lwjgl\lwjgl-jemalloc\3.3.2\lwjgl-jemalloc-3.3.2.jar;C:\Users\Nico\.m2\repository\org\lwjgl\lwjgl-jemalloc\3.3.2\lwjgl-jemalloc-3.3.2-natives-linux.jar;C:\Users\Nico\.m2\repository\org\lwjgl\lwjgl-jemalloc\3.3.2\lwjgl-jemalloc-3.3.2-natives-linux-arm32.jar;C:\Users\Nico\.m2\repository\org\lwjgl\lwjgl-jemalloc\3.3.2\lwjgl-jemalloc-3.3.2-natives-linux-arm64.jar;C:\Users\Nico\.m2\repository\org\lwjgl\lwjgl-jemalloc\3.3.2\lwjgl-jemalloc-3.3.2-natives-macos.jar;C:\Users\Nico\.m2\repository\org\lwjgl\lwjgl-jemalloc\3.3.2\lwjgl-jemalloc-3.3.2-natives-macos-arm64.jar;C:\Users\Nico\.m2\repository\org\lwjgl\lwjgl-jemalloc\3.3.2\lwjgl-jemalloc-3.3.2-natives-windows.jar;C:\Users\Nico\.m2\repository\org\lwjgl\lwjgl-jemalloc\3.3.2\lwjgl-jemalloc-3.3.2-natives-windows-x86.jar;C:\Users\Nico\.m2\repository\org\lwjgl\lwjgl-openal\3.3.2\lwjgl-openal-3.3.2.jar;C:\Users\Nico\.m2\repository\org\lwjgl\lwjgl-openal\3.3.2\lwjgl-openal-3.3.2-natives-linux.jar;C:\Users\Nico\.m2\repository\org\lwjgl\lwjgl-openal\3.3.2\lwjgl-openal-3.3.2-natives-linux-arm32.jar;C:\Users\Nico\.m2\repository\org\lwjgl\lwjgl-openal\3.3.2\lwjgl-openal-3.3.2-natives-linux-arm64.jar;C:\Users\Nico\.m2\repository\org\lwjgl\lwjgl-openal\3.3.2\lwjgl-openal-3.3.2-natives-macos.jar;C:\Users\Nico\.m2\repository\org\lwjgl\lwjgl-openal\3.3.2\lwjgl-openal-3.3.2-natives-macos-arm64.jar;C:\Users\Nico\.m2\repository\org\lwjgl\lwjgl-openal\3.3.2\lwjgl-openal-3.3.2-natives-windows.jar;C:\Users\Nico\.m2\repository\org\lwjgl\lwjgl-openal\3.3.2\lwjgl-openal-3.3.2-natives-windows-x86.jar;C:\Users\Nico\.m2\repository\org\lwjgl\lwjgl-opengl\3.3.2\lwjgl-opengl-3.3.2.jar;C:\Users\Nico\.m2\repository\org\lwjgl\lwjgl-opengl\3.3.2\lwjgl-opengl-3.3.2-natives-linux.jar;C:\Users\Nico\.m2\repository\org\lwjgl\lwjgl-opengl\3.3.2\lwjgl-opengl-3.3.2-natives-linux-arm32.jar;C:\Users\Nico\.m2\repository\org\lwjgl\lwjgl-opengl\3.3.2\lwjgl-opengl-3.3.2-natives-linux-arm64.jar;C:\Users\Nico\.m2\repository\org\lwjgl\lwjgl-opengl\3.3.2\lwjgl-opengl-3.3.2-natives-macos.jar;C:\Users\Nico\.m2\repository\org\lwjgl\lwjgl-opengl\3.3.2\lwjgl-opengl-3.3.2-natives-macos-arm64.jar;C:\Users\Nico\.m2\repository\org\lwjgl\lwjgl-opengl\3.3.2\lwjgl-opengl-3.3.2-natives-windows.jar;C:\Users\Nico\.m2\repository\org\lwjgl\lwjgl-opengl\3.3.2\lwjgl-opengl-3.3.2-natives-windows-x86.jar;C:\Users\Nico\.m2\repository\org\lwjgl\lwjgl-stb\3.3.2\lwjgl-stb-3.3.2.jar;C:\Users\Nico\.m2\repository\org\lwjgl\lwjgl-stb\3.3.2\lwjgl-stb-3.3.2-natives-linux.jar;C:\Users\Nico\.m2\repository\org\lwjgl\lwjgl-stb\3.3.2\lwjgl-stb-3.3.2-natives-linux-arm32.jar;C:\Users\Nico\.m2\repository\org\lwjgl\lwjgl-stb\3.3.2\lwjgl-stb-3.3.2-natives-linux-arm64.jar;C:\Users\Nico\.m2\repository\org\lwjgl\lwjgl-stb\3.3.2\lwjgl-stb-3.3.2-natives-macos.jar;C:\Users\Nico\.m2\repository\org\lwjgl\lwjgl-stb\3.3.2\lwjgl-stb-3.3.2-natives-macos-arm64.jar;C:\Users\Nico\.m2\repository\org\lwjgl\lwjgl-stb\3.3.2\lwjgl-stb-3.3.2-natives-windows.jar;C:\Users\Nico\.m2\repository\org\lwjgl\lwjgl-stb\3.3.2\lwjgl-stb-3.3.2-natives-windows-x86.jar;C:\Users\Nico\.m2\repository\com\badlogicgames\jlayer\jlayer\1.0.1-gdx\jlayer-1.0.1-gdx.jar;C:\Users\Nico\.m2\repository\org\jcraft\jorbis\0.0.17\jorbis-0.0.17.jar;C:\Users\Nico\.m2\repository\com\badlogicgames\gdx\gdx-freetype\1.12.0\gdx-freetype-1.12.0.jar;C:\Users\Nico\.m2\repository\com\badlogicgames\gdx\gdx-box2d\1.12.0\gdx-box2d-1.12.0.jar;C:\Users\Nico\.m2\repository\org\slf4j\slf4j-api\1.7.36\slf4j-api-1.7.36.jar;C:\Users\Nico\.m2\repository\org\slf4j\slf4j-simple\1.7.36\slf4j-simple-1.7.36.jar
Launcher Type: SUN_STANDARD

[Global flags]
     intx CICompilerCount                          = 4                                         {product} {ergonomic}
     uint ConcGCThreads                            = 3                                         {product} {ergonomic}
     uint G1ConcRefinementThreads                  = 10                                        {product} {ergonomic}
   size_t G1HeapRegionSize                         = 2097152                                   {product} {ergonomic}
    uintx GCDrainStackTargetSize                   = 64                                        {product} {ergonomic}
   size_t InitialHeapSize                          = 264241152                                 {product} {ergonomic}
   size_t MarkStackSize                            = 4194304                                   {product} {ergonomic}
   size_t MaxHeapSize                              = 4208984064                                {product} {ergonomic}
   size_t MaxNewSize                               = 2524971008                                {product} {ergonomic}
   size_t MinHeapDeltaBytes                        = 2097152                                   {product} {ergonomic}
   size_t MinHeapSize                              = 8388608                                   {product} {ergonomic}
    uintx NonNMethodCodeHeapSize                   = 5839372                                {pd product} {ergonomic}
    uintx NonProfiledCodeHeapSize                  = 122909434                              {pd product} {ergonomic}
    uintx ProfiledCodeHeapSize                     = 122909434                              {pd product} {ergonomic}
    uintx ReservedCodeCacheSize                    = 251658240                              {pd product} {ergonomic}
     bool SegmentedCodeCache                       = true                                      {product} {ergonomic}
   size_t SoftMaxHeapSize                          = 4208984064                             {manageable} {ergonomic}
     bool UseCompressedOops                        = true                           {product lp64_product} {ergonomic}
     bool UseG1GC                                  = true                                      {product} {ergonomic}
     bool UseLargePagesIndividualAllocation        = false                                  {pd product} {ergonomic}

Logging:
Log output configuration:
 #0: stdout all=warning uptime,level,tags foldmultilines=false
 #1: stderr all=off uptime,level,tags foldmultilines=false

Environment Variables:
PATH=C:\Program Files\Common Files\Oracle\Java\javapath;C:\Program Files (x86)\Eclipse Adoptium\jre-17.0.9.9-hotspot\bin;C:\WINDOWS\system32;C:\WINDOWS;C:\WINDOWS\System32\Wbem;C:\WINDOWS\System32\WindowsPowerShell\v1.0\;C:\WINDOWS\System32\OpenSSH\;C:\Program Files\dotnet\;C:\Program Files\Git\cmd;C:\Program Files (x86)\Microsoft SQL Server\160\Tools\Binn\;C:\Program Files\Microsoft SQL Server\160\Tools\Binn\;C:\Program Files\Microsoft SQL Server\Client SDK\ODBC\170\Tools\Binn\;C:\Program Files\Microsoft SQL Server\160\DTS\Binn\;C:\Program Files\Perforce\;C:\Program Files (x86)\NVIDIA Corporation\PhysX\Common;C:\Program Files\NVIDIA Corporation\NVIDIA app\NvDLISR;C:\Users\Nico\AppData\Local\Programs\Python\Python312\Scripts\;C:\Users\Nico\AppData\Local\Programs\Python\Python312\;C:\Users\Nico\AppData\Local\Microsoft\WindowsApps;;C:\Users\Nico\AppData\Local\Programs\Microsoft VS Code\bin;C:\Program Files\JetBrains\PyCharm Community Edition 2023.2\bin;;C:\Program Files\JetBrains\IntelliJ IDEA Community Edition 2023.3.2\bin;;C:\Program Files\JetBrains\CLion 2024.2.2\bin;;C:\Program Files\JetBrains\PyCharm 2024.2.3\bin;;C:\Program Files\JetBrains\IntelliJ IDEA 2024.2.3\bin;;C:\Program Files\JetBrains\DataGrip 2024.2.2\bin;
USERNAME=Nico
OS=Windows_NT
PROCESSOR_IDENTIFIER=Intel64 Family 6 Model 154 Stepping 3, GenuineIntel
TMP=C:\Users\Nico\AppData\Local\Temp
TEMP=C:\Users\Nico\AppData\Local\Temp




Periodic native trim disabled

---------------  S Y S T E M  ---------------

OS:
 Windows 11 , 64 bit Build 26100 (10.0.26100.3037)
OS uptime: 0 days 12:25 hours
Hyper-V role detected

CPU: total 12 (initial active 12) (6 cores per cpu, 2 threads per core) family 6 model 154 stepping 3 microcode 0x434, cx8, cmov, fxsr, ht, mmx, 3dnowpref, sse, sse2, sse3, ssse3, sse4.1, sse4.2, popcnt, lzcnt, tsc, tscinvbit, avx, avx2, aes, erms, clmul, bmi1, bmi2, adx, sha, fma, vzeroupper, clflush, clflushopt, clwb, hv, serialize, rdtscp, rdpid, fsrm, f16c, cet_ibt, cet_ss
Processor Information for processor 0
  Max Mhz: 2000, Current Mhz: 2000, Mhz Limit: 2000
Processor Information for processor 1
  Max Mhz: 2000, Current Mhz: 2000, Mhz Limit: 2000
Processor Information for processor 2
  Max Mhz: 2000, Current Mhz: 2000, Mhz Limit: 2000
Processor Information for processor 3
  Max Mhz: 2000, Current Mhz: 2000, Mhz Limit: 2000
Processor Information for processor 4
  Max Mhz: 2000, Current Mhz: 2000, Mhz Limit: 2000
Processor Information for processor 5
  Max Mhz: 2000, Current Mhz: 2000, Mhz Limit: 2000
Processor Information for processor 6
  Max Mhz: 2000, Current Mhz: 2000, Mhz Limit: 2000
Processor Information for processor 7
  Max Mhz: 2000, Current Mhz: 1520, Mhz Limit: 2000
Processor Information for processor 8
  Max Mhz: 2000, Current Mhz: 1466, Mhz Limit: 2000
Processor Information for processor 9
  Max Mhz: 2000, Current Mhz: 1466, Mhz Limit: 2000
Processor Information for processor 10
  Max Mhz: 2000, Current Mhz: 1466, Mhz Limit: 2000
Processor Information for processor 11
  Max Mhz: 2000, Current Mhz: 1466, Mhz Limit: 2000

Memory: 4k page, system-wide physical 16052M (5347M free)
TotalPageFile size 29876M (AvailPageFile size 9047M)
current process WorkingSet (physical memory assigned to process): 150M, peak: 155M
current process commit charge ("private bytes"): 464M, peak: 471M

vm_info: OpenJDK 64-Bit Server VM (21.0.1+12-29) for windows-amd64 JRE (21.0.1+12-29), built on 2023-10-05T13:27:09Z by "mach5one" with MS VC++ 17.1 (VS2022)

END.
